;  LST file generated by mikroListExporter - v.2.0 
; Date/Time: 01/03/2017 20:49:22
;----------------------------------------------

;Address Opcode 	ASM
0x0000	0xF004EF2C  	GOTO        2136
0x0004	0x0000      	NOP
0x0006	0x0000      	NOP
0x0008	0xF000EF00  	GOTO        0
0x000C	0x0000      	NOP
0x000E	0x0000      	NOP
0x0010	0x0000      	NOP
0x0012	0x0000      	NOP
0x0014	0x0000      	NOP
0x0016	0x0000      	NOP
0x0018	0xD7F3      	BRA         0
_Delay_1us:
0x001C	0x0000      	NOP
0x001E	0x0000      	NOP
L_end_Delay_1us:
0x0020	0x0012      	RETURN      0
; end of _Delay_1us
_Delay_5500us:
0x0022	0x0E0F      	MOVLW       15
0x0024	0x6E0C      	MOVWF       R12, 0
0x0026	0x0E47      	MOVLW       71
0x0028	0x6E0D      	MOVWF       R13, 0
L_Delay_5500us5:
0x002A	0x2E0D      	DECFSZ      R13, 1, 0
0x002C	0xD7FE      	BRA         L_Delay_5500us5
0x002E	0x2E0C      	DECFSZ      R12, 1, 0
0x0030	0xD7FC      	BRA         L_Delay_5500us5
0x0032	0x0000      	NOP
0x0034	0x0000      	NOP
L_end_Delay_5500us:
0x0036	0x0012      	RETURN      0
; end of _Delay_5500us
_Delay_50us:
0x0038	0x0E21      	MOVLW       33
0x003A	0x6E0D      	MOVWF       R13, 0
L_Delay_50us2:
0x003C	0x2E0D      	DECFSZ      R13, 1, 0
0x003E	0xD7FE      	BRA         L_Delay_50us2
L_end_Delay_50us:
0x0040	0x0012      	RETURN      0
; end of _Delay_50us
_Lcd_Cmd:
0x0042	0xBE7F      	BTFSC       FARG_Lcd_Cmd_out_char, 7 
0x0044	0xD002      	BRA         L__Lcd_Cmd21
0x0046	0x968A      	BCF         LCD_D7, BitPos(LCD_D7+0) 
0x0048	0xD001      	BRA         L__Lcd_Cmd22
L__Lcd_Cmd21:
0x004A	0x868A      	BSF         LCD_D7, BitPos(LCD_D7+0) 
L__Lcd_Cmd22:
0x004C	0xBC7F      	BTFSC       FARG_Lcd_Cmd_out_char, 6 
0x004E	0xD002      	BRA         L__Lcd_Cmd23
0x0050	0x948A      	BCF         LCD_D6, BitPos(LCD_D6+0) 
0x0052	0xD001      	BRA         L__Lcd_Cmd24
L__Lcd_Cmd23:
0x0054	0x848A      	BSF         LCD_D6, BitPos(LCD_D6+0) 
L__Lcd_Cmd24:
0x0056	0xBA7F      	BTFSC       FARG_Lcd_Cmd_out_char, 5 
0x0058	0xD002      	BRA         L__Lcd_Cmd25
0x005A	0x928A      	BCF         LCD_D5, BitPos(LCD_D5+0) 
0x005C	0xD001      	BRA         L__Lcd_Cmd26
L__Lcd_Cmd25:
0x005E	0x828A      	BSF         LCD_D5, BitPos(LCD_D5+0) 
L__Lcd_Cmd26:
0x0060	0xB87F      	BTFSC       FARG_Lcd_Cmd_out_char, 4 
0x0062	0xD002      	BRA         L__Lcd_Cmd27
0x0064	0x908A      	BCF         LCD_D4, BitPos(LCD_D4+0) 
0x0066	0xD001      	BRA         L__Lcd_Cmd28
L__Lcd_Cmd27:
0x0068	0x808A      	BSF         LCD_D4, BitPos(LCD_D4+0) 
L__Lcd_Cmd28:
0x006A	0xB06A      	BTFSC       __Lib_Lcd_cmd_status, BitPos(__Lib_Lcd_cmd_status+0) 
0x006C	0xD002      	BRA         L__Lcd_Cmd29
0x006E	0x888A      	BSF         LCD_RS, BitPos(LCD_RS+0) 
0x0070	0xD001      	BRA         L__Lcd_Cmd30
L__Lcd_Cmd29:
0x0072	0x988A      	BCF         LCD_RS, BitPos(LCD_RS+0) 
L__Lcd_Cmd30:
0x0074	0x8A8A      	BSF         LCD_EN, BitPos(LCD_EN+0) 
0x0076	0xDFD2      	RCALL       _Delay_1us
0x0078	0x9A8A      	BCF         LCD_EN, BitPos(LCD_EN+0) 
0x007A	0xB67F      	BTFSC       FARG_Lcd_Cmd_out_char, 3 
0x007C	0xD002      	BRA         L__Lcd_Cmd31
0x007E	0x968A      	BCF         LCD_D7, BitPos(LCD_D7+0) 
0x0080	0xD001      	BRA         L__Lcd_Cmd32
L__Lcd_Cmd31:
0x0082	0x868A      	BSF         LCD_D7, BitPos(LCD_D7+0) 
L__Lcd_Cmd32:
0x0084	0xB47F      	BTFSC       FARG_Lcd_Cmd_out_char, 2 
0x0086	0xD002      	BRA         L__Lcd_Cmd33
0x0088	0x948A      	BCF         LCD_D6, BitPos(LCD_D6+0) 
0x008A	0xD001      	BRA         L__Lcd_Cmd34
L__Lcd_Cmd33:
0x008C	0x848A      	BSF         LCD_D6, BitPos(LCD_D6+0) 
L__Lcd_Cmd34:
0x008E	0xB27F      	BTFSC       FARG_Lcd_Cmd_out_char, 1 
0x0090	0xD002      	BRA         L__Lcd_Cmd35
0x0092	0x928A      	BCF         LCD_D5, BitPos(LCD_D5+0) 
0x0094	0xD001      	BRA         L__Lcd_Cmd36
L__Lcd_Cmd35:
0x0096	0x828A      	BSF         LCD_D5, BitPos(LCD_D5+0) 
L__Lcd_Cmd36:
0x0098	0xB07F      	BTFSC       FARG_Lcd_Cmd_out_char, 0 
0x009A	0xD002      	BRA         L__Lcd_Cmd37
0x009C	0x908A      	BCF         LCD_D4, BitPos(LCD_D4+0) 
0x009E	0xD001      	BRA         L__Lcd_Cmd38
L__Lcd_Cmd37:
0x00A0	0x808A      	BSF         LCD_D4, BitPos(LCD_D4+0) 
L__Lcd_Cmd38:
0x00A2	0xB06A      	BTFSC       __Lib_Lcd_cmd_status, BitPos(__Lib_Lcd_cmd_status+0) 
0x00A4	0xD002      	BRA         L__Lcd_Cmd39
0x00A6	0x888A      	BSF         LCD_RS, BitPos(LCD_RS+0) 
0x00A8	0xD001      	BRA         L__Lcd_Cmd40
L__Lcd_Cmd39:
0x00AA	0x988A      	BCF         LCD_RS, BitPos(LCD_RS+0) 
L__Lcd_Cmd40:
0x00AC	0x8A8A      	BSF         LCD_EN, BitPos(LCD_EN+0) 
0x00AE	0xDFB6      	RCALL       _Delay_1us
0x00B0	0x9A8A      	BCF         LCD_EN, BitPos(LCD_EN+0) 
0x00B2	0xA06A      	BTFSS       __Lib_Lcd_cmd_status, BitPos(__Lib_Lcd_cmd_status+0) 
0x00B4	0xD002      	BRA         L_Lcd_Cmd0
0x00B6	0xDFB5      	RCALL       _Delay_5500us
0x00B8	0xD001      	BRA         L_Lcd_Cmd1
L_Lcd_Cmd0:
0x00BA	0xDFBE      	RCALL       _Delay_50us
L_Lcd_Cmd1:
L_end_Lcd_Cmd:
0x00BC	0x0012      	RETURN      0
; end of _Lcd_Cmd
_Lcd_Chr_CP:
0x00BE	0x906A      	BCF         __Lib_Lcd_cmd_status, BitPos(__Lib_Lcd_cmd_status+0) 
0x00C0	0xF07FC07E  	MOVFF       FARG_Lcd_Chr_CP_out_char, FARG_Lcd_Cmd_out_char
0x00C4	0xDFBE      	RCALL       _Lcd_Cmd
0x00C6	0x806A      	BSF         __Lib_Lcd_cmd_status, BitPos(__Lib_Lcd_cmd_status+0) 
L_end_Lcd_Chr_CP:
0x00C8	0x0012      	RETURN      0
; end of _Lcd_Chr_CP
_Delay_500us:
0x00CA	0x0E02      	MOVLW       2
0x00CC	0x6E0C      	MOVWF       R12, 0
0x00CE	0x0E49      	MOVLW       73
0x00D0	0x6E0D      	MOVWF       R13, 0
L_Delay_500us4:
0x00D2	0x2E0D      	DECFSZ      R13, 1, 0
0x00D4	0xD7FE      	BRA         L_Delay_500us4
0x00D6	0x2E0C      	DECFSZ      R12, 1, 0
0x00D8	0xD7FC      	BRA         L_Delay_500us4
0x00DA	0x0000      	NOP
0x00DC	0x0000      	NOP
L_end_Delay_500us:
0x00DE	0x0012      	RETURN      0
; end of _Delay_500us
_Delay_80us:
0x00E0	0x0E33      	MOVLW       51
0x00E2	0x6E0D      	MOVWF       R13, 0
L_Delay_80us3:
0x00E4	0x2E0D      	DECFSZ      R13, 1, 0
0x00E6	0xD7FE      	BRA         L_Delay_80us3
0x00E8	0x0000      	NOP
0x00EA	0x0000      	NOP
L_end_Delay_80us:
0x00EC	0x0012      	RETURN      0
; end of _Delay_80us
_Lcd_Out:
0x00EE	0xD00F      	BRA         L_Lcd_Out11
L_Lcd_Out13:
0x00F0	0x0E80      	MOVLW       128
0x00F2	0x6E79      	MOVWF       FARG_Lcd_Out_row 
0x00F4	0xD019      	BRA         L_Lcd_Out12
L_Lcd_Out14:
0x00F6	0x0EC0      	MOVLW       192
0x00F8	0x6E79      	MOVWF       FARG_Lcd_Out_row 
0x00FA	0xD016      	BRA         L_Lcd_Out12
L_Lcd_Out15:
0x00FC	0x0E94      	MOVLW       148
0x00FE	0x6E79      	MOVWF       FARG_Lcd_Out_row 
0x0100	0xD013      	BRA         L_Lcd_Out12
L_Lcd_Out16:
0x0102	0x0ED4      	MOVLW       212
0x0104	0x6E79      	MOVWF       FARG_Lcd_Out_row 
0x0106	0xD010      	BRA         L_Lcd_Out12
L_Lcd_Out17:
0x0108	0x0E80      	MOVLW       128
0x010A	0x6E79      	MOVWF       FARG_Lcd_Out_row 
0x010C	0xD00D      	BRA         L_Lcd_Out12
L_Lcd_Out11:
0x010E	0x5079      	MOVF        FARG_Lcd_Out_row, 0 
0x0110	0x0A01      	XORLW       1
0x0112	0xE0EE      	BZ          L_Lcd_Out13
0x0114	0x5079      	MOVF        FARG_Lcd_Out_row, 0 
0x0116	0x0A02      	XORLW       2
0x0118	0xE0EE      	BZ          L_Lcd_Out14
0x011A	0x5079      	MOVF        FARG_Lcd_Out_row, 0 
0x011C	0x0A03      	XORLW       3
0x011E	0xE0EE      	BZ          L_Lcd_Out15
0x0120	0x5079      	MOVF        FARG_Lcd_Out_row, 0 
0x0122	0x0A04      	XORLW       4
0x0124	0xE0EE      	BZ          L_Lcd_Out16
0x0126	0xD7F0      	BRA         L_Lcd_Out17
L_Lcd_Out12:
0x0128	0x047A      	DECF        FARG_Lcd_Out_column, 0 
0x012A	0x6E00      	MOVWF       R0 
0x012C	0x5079      	MOVF        FARG_Lcd_Out_row, 0 
0x012E	0x2600      	ADDWF       R0, 1 
0x0130	0xF079C000  	MOVFF       R0, FARG_Lcd_Out_row
0x0134	0xF07FC000  	MOVFF       R0, FARG_Lcd_Cmd_out_char
0x0138	0xDF84      	RCALL       _Lcd_Cmd
0x013A	0x906A      	BCF         __Lib_Lcd_cmd_status, BitPos(__Lib_Lcd_cmd_status+0) 
0x013C	0x6A7D      	CLRF        Lcd_Out_i_L0 
L_Lcd_Out18:
0x013E	0x507D      	MOVF        Lcd_Out_i_L0, 0 
0x0140	0x247B      	ADDWF       FARG_Lcd_Out_text, 0 
0x0142	0x6EE9      	MOVWF       FSR0L 
0x0144	0x0E00      	MOVLW       0
0x0146	0x207C      	ADDWFC      FARG_Lcd_Out_text+1, 0 
0x0148	0x6EEA      	MOVWF       FSR0H 
0x014A	0x52EE      	MOVF        POSTINC0, 1 
0x014C	0xE00B      	BZ          L_Lcd_Out19
0x014E	0x507D      	MOVF        Lcd_Out_i_L0, 0 
0x0150	0x247B      	ADDWF       FARG_Lcd_Out_text, 0 
0x0152	0x6EE9      	MOVWF       FSR0L 
0x0154	0x0E00      	MOVLW       0
0x0156	0x207C      	ADDWFC      FARG_Lcd_Out_text+1, 0 
0x0158	0x6EEA      	MOVWF       FSR0H 
0x015A	0xF07ECFEE  	MOVFF       POSTINC0, FARG_Lcd_Chr_CP_out_char
0x015E	0xDFAF      	RCALL       _Lcd_Chr_CP
0x0160	0x2A7D      	INCF        Lcd_Out_i_L0, 1 
0x0162	0xD7ED      	BRA         L_Lcd_Out18
L_Lcd_Out19:
0x0164	0x806A      	BSF         __Lib_Lcd_cmd_status, BitPos(__Lib_Lcd_cmd_status+0) 
L_end_Lcd_Out:
0x0166	0x0012      	RETURN      0
; end of _Lcd_Out
_Div_8X8_U:
0x0168	0x6A08      	CLRF        R8, 0
0x016A	0x0E08      	MOVLW       8
0x016C	0x6E0C      	MOVWF       R12, 0
0x016E	0x3400      	RLCF        R0, 0, 0
0x0170	0x3608      	RLCF        R8, 1, 0
0x0172	0x5004      	MOVF        R4, 0, 0
0x0174	0x5E08      	SUBWF       R8, 1, 0
0x0176	0xB0D8      	BTFSC       STATUS, 0, 0
0x0178	0xD002      	BRA         $+6
0x017A	0x2608      	ADDWF       R8, 1, 0
0x017C	0x90D8      	BCF         STATUS, 0, 0
0x017E	0x3600      	RLCF        R0, 1, 0
0x0180	0x2E0C      	DECFSZ      R12, 1, 0
0x0182	0xD7F5      	BRA         $-20
L_end_Div_8X8_U:
0x0184	0x0012      	RETURN      0
; end of _Div_8X8_U
_Mul_16X16_U:
0x0186	0x6A0B      	CLRF        R11, 0
0x0188	0x6A0A      	CLRF        R10, 0
0x018A	0x6A09      	CLRF        R9, 0
0x018C	0x5000      	MOVF        R0, 0, 0
0x018E	0x0204      	MULWF       R4, 0
0x0190	0xF009CFF4  	MOVFF       PRODH, R9
0x0194	0xF008CFF3  	MOVFF       PRODL, R8
0x0198	0x5001      	MOVF        R1, 0, 0
0x019A	0x0205      	MULWF       R5, 0
0x019C	0xF00BCFF4  	MOVFF       PRODH, R11
0x01A0	0xF00ACFF3  	MOVFF       PRODL, R10
0x01A4	0x5000      	MOVF        R0, 0, 0
0x01A6	0x0205      	MULWF       R5, 0
0x01A8	0x50F3      	MOVF        PRODL, 0, 0
0x01AA	0x2609      	ADDWF       R9, 1, 0
0x01AC	0x50F4      	MOVF        PRODH, 0, 0
0x01AE	0x220A      	ADDWFC      R10, 1, 0
0x01B0	0x6AE8      	CLRF        WREG, 0
0x01B2	0x220B      	ADDWFC      R11, 1, 0
0x01B4	0x5001      	MOVF        R1, 0, 0
0x01B6	0x0204      	MULWF       R4, 0
0x01B8	0x50F3      	MOVF        PRODL, 0, 0
0x01BA	0x2609      	ADDWF       R9, 1, 0
0x01BC	0x50F4      	MOVF        PRODH, 0, 0
0x01BE	0x220A      	ADDWFC      R10, 1, 0
0x01C0	0x6AE8      	CLRF        WREG, 0
0x01C2	0x220B      	ADDWFC      R11, 1, 0
0x01C4	0xF000C008  	MOVFF       R8, R0
0x01C8	0xF001C009  	MOVFF       R9, R1
0x01CC	0xF002C00A  	MOVFF       R10, R2
0x01D0	0xF003C00B  	MOVFF       R11, R3
L_end_Mul_16X16_U:
0x01D4	0x0012      	RETURN      0
; end of _Mul_16X16_U
_Div_16X16_U:
0x01D6	0x6A08      	CLRF        R8, 0
0x01D8	0x6A09      	CLRF        R9, 0
0x01DA	0x0E10      	MOVLW       16
0x01DC	0x6E0C      	MOVWF       R12, 0
0x01DE	0x3401      	RLCF        R1, 0, 0
0x01E0	0x3608      	RLCF        R8, 1, 0
0x01E2	0x3609      	RLCF        R9, 1, 0
0x01E4	0x5004      	MOVF        R4, 0, 0
0x01E6	0x5E08      	SUBWF       R8, 1, 0
0x01E8	0x5005      	MOVF        R5, 0, 0
0x01EA	0xA0D8      	BTFSS       STATUS, 0, 0
0x01EC	0x3C05      	INCFSZ      R5, 0, 0
0x01EE	0x5E09      	SUBWF       R9, 1, 0
0x01F0	0xB0D8      	BTFSC       STATUS, 0, 0
0x01F2	0xD007      	BRA         $+16
0x01F4	0x5004      	MOVF        R4, 0, 0
0x01F6	0x2608      	ADDWF       R8, 1, 0
0x01F8	0x5005      	MOVF        R5, 0, 0
0x01FA	0xB0D8      	BTFSC       STATUS, 0, 0
0x01FC	0x3C05      	INCFSZ      R5, 0, 0
0x01FE	0x2609      	ADDWF       R9, 1, 0
0x0200	0x90D8      	BCF         STATUS, 0, 0
0x0202	0x3600      	RLCF        R0, 1, 0
0x0204	0x3601      	RLCF        R1, 1, 0
0x0206	0x2E0C      	DECFSZ      R12, 1, 0
0x0208	0xD7EA      	BRA         $-42
L_end_Div_16X16_U:
0x020A	0x0012      	RETURN      0
; end of _Div_16X16_U
_Atingiu_Limite:
0x020C	0x0E01      	MOVLW       1
0x020E	0x2472      	ADDWF       FARG_Atingiu_Limite_text, 0 
0x0210	0x6EE9      	MOVWF       FSR0L 
0x0212	0x0E00      	MOVLW       0
0x0214	0x2073      	ADDWFC      FARG_Atingiu_Limite_text+1, 0 
0x0216	0x6EEA      	MOVWF       FSR0H 
0x0218	0x50EE      	MOVF        POSTINC0, 0 
0x021A	0x0A32      	XORLW       50
0x021C	0xE10A      	BNZ         L__Atingiu_Limite44
0x021E	0x0E02      	MOVLW       2
0x0220	0x2472      	ADDWF       FARG_Atingiu_Limite_text, 0 
0x0222	0x6EE9      	MOVWF       FSR0L 
0x0224	0x0E00      	MOVLW       0
0x0226	0x2073      	ADDWFC      FARG_Atingiu_Limite_text+1, 0 
0x0228	0x6EEA      	MOVWF       FSR0H 
0x022A	0x50EE      	MOVF        POSTINC0, 0 
0x022C	0x0A31      	XORLW       49
0x022E	0xE101      	BNZ         L__Atingiu_Limite44
0x0230	0xD013      	BRA         L__Atingiu_Limite43
L__Atingiu_Limite44:
0x0232	0x0E01      	MOVLW       1
0x0234	0x2472      	ADDWF       FARG_Atingiu_Limite_text, 0 
0x0236	0x6EE9      	MOVWF       FSR0L 
0x0238	0x0E00      	MOVLW       0
0x023A	0x2073      	ADDWFC      FARG_Atingiu_Limite_text+1, 0 
0x023C	0x6EEA      	MOVWF       FSR0H 
0x023E	0x50EE      	MOVF        POSTINC0, 0 
0x0240	0x0A31      	XORLW       49
0x0242	0xE00A      	BZ          L__Atingiu_Limite43
0x0244	0x0E01      	MOVLW       1
0x0246	0x2472      	ADDWF       FARG_Atingiu_Limite_text, 0 
0x0248	0x6EE9      	MOVWF       FSR0L 
0x024A	0x0E00      	MOVLW       0
0x024C	0x2073      	ADDWFC      FARG_Atingiu_Limite_text+1, 0 
0x024E	0x6EEA      	MOVWF       FSR0H 
0x0250	0x50EE      	MOVF        POSTINC0, 0 
0x0252	0x0A30      	XORLW       48
0x0254	0xE001      	BZ          L__Atingiu_Limite43
0x0256	0xD009      	BRA         L_Atingiu_Limite25
L__Atingiu_Limite43:
0x0258	0x0E02      	MOVLW       2
0x025A	0x6E79      	MOVWF       FARG_Lcd_Out_row 
0x025C	0x0E01      	MOVLW       1
0x025E	0x6E7A      	MOVWF       FARG_Lcd_Out_column 
0x0260	0x0E37      	MOVLW       ?lstr5_SensorTemperatura
0x0262	0x6E7B      	MOVWF       FARG_Lcd_Out_text 
0x0264	0x0E00      	MOVLW       hi_addr(?lstr5_SensorTemperatura)
0x0266	0x6E7C      	MOVWF       FARG_Lcd_Out_text+1 
0x0268	0xDF42      	RCALL       _Lcd_Out
L_Atingiu_Limite25:
0x026A	0x0E01      	MOVLW       1
0x026C	0x2472      	ADDWF       FARG_Atingiu_Limite_text, 0 
0x026E	0x6EE9      	MOVWF       FSR0L 
0x0270	0x0E00      	MOVLW       0
0x0272	0x2073      	ADDWFC      FARG_Atingiu_Limite_text+1, 0 
0x0274	0x6EEA      	MOVWF       FSR0H 
0x0276	0x50EE      	MOVF        POSTINC0, 0 
0x0278	0x0A32      	XORLW       50
0x027A	0xE10A      	BNZ         L__Atingiu_Limite42
0x027C	0x0E02      	MOVLW       2
0x027E	0x2472      	ADDWF       FARG_Atingiu_Limite_text, 0 
0x0280	0x6EE9      	MOVWF       FSR0L 
0x0282	0x0E00      	MOVLW       0
0x0284	0x2073      	ADDWFC      FARG_Atingiu_Limite_text+1, 0 
0x0286	0x6EEA      	MOVWF       FSR0H 
0x0288	0x50EE      	MOVF        POSTINC0, 0 
0x028A	0x0A39      	XORLW       57
0x028C	0xE101      	BNZ         L__Atingiu_Limite42
0x028E	0xD00A      	BRA         L__Atingiu_Limite41
L__Atingiu_Limite42:
0x0290	0x0E01      	MOVLW       1
0x0292	0x2472      	ADDWF       FARG_Atingiu_Limite_text, 0 
0x0294	0x6EE9      	MOVWF       FSR0L 
0x0296	0x0E00      	MOVLW       0
0x0298	0x2073      	ADDWFC      FARG_Atingiu_Limite_text+1, 0 
0x029A	0x6EEA      	MOVWF       FSR0H 
0x029C	0x50EE      	MOVF        POSTINC0, 0 
0x029E	0x0A33      	XORLW       51
0x02A0	0xE001      	BZ          L__Atingiu_Limite41
0x02A2	0xD009      	BRA         L_Atingiu_Limite30
L__Atingiu_Limite41:
0x02A4	0x0E02      	MOVLW       2
0x02A6	0x6E79      	MOVWF       FARG_Lcd_Out_row 
0x02A8	0x0E01      	MOVLW       1
0x02AA	0x6E7A      	MOVWF       FARG_Lcd_Out_column 
0x02AC	0x0E45      	MOVLW       ?lstr6_SensorTemperatura
0x02AE	0x6E7B      	MOVWF       FARG_Lcd_Out_text 
0x02B0	0x0E00      	MOVLW       hi_addr(?lstr6_SensorTemperatura)
0x02B2	0x6E7C      	MOVWF       FARG_Lcd_Out_text+1 
0x02B4	0xDF1C      	RCALL       _Lcd_Out
L_Atingiu_Limite30:
L_end_Atingiu_Limite:
0x02B6	0x0012      	RETURN      0
; end of _Atingiu_Limite
_Ow_Write:
0x02B8	0xF001C074  	MOVFF       FARG_Ow_Write_pin, R1
0x02BC	0x0E01      	MOVLW       1
0x02BE	0x6E00      	MOVWF       R0 
0x02C0	0x5001      	MOVF        R1, 0 
L__Ow_Write17:
0x02C2	0xE004      	BZ          L__Ow_Write18
0x02C4	0x3600      	RLCF        R0, 1 
0x02C6	0x9000      	BCF         R0, 0 
0x02C8	0x0FFF      	ADDLW       255
0x02CA	0xD7FB      	BRA         L__Ow_Write17
L__Ow_Write18:
0x02CC	0xF078C000  	MOVFF       R0, Ow_Write_bit_mask_1_L0
0x02D0	0x1E00      	COMF        R0, 1 
0x02D2	0xF077C000  	MOVFF       R0, Ow_Write_bit_mask_0_L0
0x02D6	0xFFE9C072  	MOVFF       FARG_Ow_Write_port, FSR0L
0x02DA	0xFFEAC073  	MOVFF       FARG_Ow_Write_port+1, FSR0H
0x02DE	0x5000      	MOVF        R0, 0 
0x02E0	0x16EF      	ANDWF       INDF0, 1 
0x02E2	0x0E12      	MOVLW       18
0x02E4	0x26E9      	ADDWF       FSR0L, 1 
0x02E6	0x6A76      	CLRF        Ow_Write_i_L0 
L_Ow_Write4:
0x02E8	0x5076      	MOVF        Ow_Write_i_L0, 0 
0x02EA	0x0807      	SUBLW       7
0x02EC	0xE315      	BNC         L_Ow_Write5
0x02EE	0xF000C076  	MOVFF       Ow_Write_i_L0, R0
0x02F2	0xF001C075  	MOVFF       FARG_Ow_Write_data_, R1
0x02F6	0x5000      	MOVF        R0, 0 
L__Ow_Write19:
0x02F8	0xE004      	BZ          L__Ow_Write20
0x02FA	0x3201      	RRCF        R1, 1 
0x02FC	0x9E01      	BCF         R1, 7 
0x02FE	0x0FFF      	ADDLW       255
0x0300	0xD7FB      	BRA         L__Ow_Write19
L__Ow_Write20:
0x0302	0x5077      	MOVF        Ow_Write_bit_mask_0_L0, 0 
0x0304	0x16EF      	ANDWF       INDF0, 1 
0x0306	0xA001      	BTFSS       R1, 0 
0x0308	0xD002      	BRA         L_Ow_Write7
0x030A	0x5078      	MOVF        Ow_Write_bit_mask_1_L0, 0 
0x030C	0x12EF      	IORWF       INDF0, 1 
L_Ow_Write7:
0x030E	0xDEE8      	RCALL       _Delay_80us
0x0310	0x5078      	MOVF        Ow_Write_bit_mask_1_L0, 0 
0x0312	0x12EF      	IORWF       INDF0, 1 
0x0314	0x2A76      	INCF        Ow_Write_i_L0, 1 
0x0316	0xD7E8      	BRA         L_Ow_Write4
L_Ow_Write5:
0x0318	0x0E12      	MOVLW       18
0x031A	0x5EE9      	SUBWF       FSR0L, 1 
0x031C	0xDE8D      	RCALL       _Delay_50us
0x031E	0xDE8C      	RCALL       _Delay_50us
L_end_Ow_Write:
0x0320	0x0012      	RETURN      0
; end of _Ow_Write
_Ow_Reset:
0x0322	0xF001C074  	MOVFF       FARG_Ow_Reset_pin, R1
0x0326	0x0E01      	MOVLW       1
0x0328	0x6E00      	MOVWF       R0 
0x032A	0x5001      	MOVF        R1, 0 
L__Ow_Reset9:
0x032C	0xE004      	BZ          L__Ow_Reset10
0x032E	0x3600      	RLCF        R0, 1 
0x0330	0x9000      	BCF         R0, 0 
0x0332	0x0FFF      	ADDLW       255
0x0334	0xD7FB      	BRA         L__Ow_Reset9
L__Ow_Reset10:
0x0336	0xF076C000  	MOVFF       R0, Ow_Reset_bit_mask_1_L0
0x033A	0x1E00      	COMF        R0, 1 
0x033C	0xFFE9C072  	MOVFF       FARG_Ow_Reset_port, FSR0L
0x0340	0xFFEAC073  	MOVFF       FARG_Ow_Reset_port+1, FSR0H
0x0344	0x5000      	MOVF        R0, 0 
0x0346	0x16EF      	ANDWF       INDF0, 1 
0x0348	0x0E12      	MOVLW       18
0x034A	0x26E9      	ADDWF       FSR0L, 1 
0x034C	0x5000      	MOVF        R0, 0 
0x034E	0x16EF      	ANDWF       INDF0, 1 
0x0350	0xDEBC      	RCALL       _Delay_500us
0x0352	0x5076      	MOVF        Ow_Reset_bit_mask_1_L0, 0 
0x0354	0x12EF      	IORWF       INDF0, 1 
0x0356	0x0E12      	MOVLW       18
0x0358	0x5EE9      	SUBWF       FSR0L, 1 
0x035A	0xDEC2      	RCALL       _Delay_80us
0x035C	0x5076      	MOVF        Ow_Reset_bit_mask_1_L0, 0 
0x035E	0x14EF      	ANDWF       INDF0, 0 
0x0360	0x6E75      	MOVWF       Ow_Reset_res_L0 
0x0362	0x5075      	MOVF        Ow_Reset_res_L0, 0 
0x0364	0x0A00      	XORLW       0
0x0366	0x0E00      	MOVLW       0
0x0368	0xA4D8      	BTFSS       STATUS, 2 
0x036A	0x0E01      	MOVLW       1
0x036C	0x6E75      	MOVWF       Ow_Reset_res_L0 
0x036E	0xDEAD      	RCALL       _Delay_500us
0x0370	0xF000C075  	MOVFF       Ow_Reset_res_L0, R0
L_end_Ow_Reset:
0x0374	0x0012      	RETURN      0
; end of _Ow_Reset
_ByteToHex:
0x0376	0xF000C072  	MOVFF       FARG_ByteToHex_input, R0
0x037A	0x3200      	RRCF        R0, 1 
0x037C	0x9E00      	BCF         R0, 7 
0x037E	0x3200      	RRCF        R0, 1 
0x0380	0x9E00      	BCF         R0, 7 
0x0382	0x3200      	RRCF        R0, 1 
0x0384	0x9E00      	BCF         R0, 7 
0x0386	0x3200      	RRCF        R0, 1 
0x0388	0x9E00      	BCF         R0, 7 
0x038A	0x0EFA      	MOVLW       __Lib_Conversions_Digits
0x038C	0x2400      	ADDWF       R0, 0 
0x038E	0x6EF6      	MOVWF       4086 
0x0390	0x0E08      	MOVLW       hi_addr(__Lib_Conversions_Digits)
0x0392	0x6EF7      	MOVWF       TBLPTRH 
0x0394	0x0E00      	MOVLW       0
0x0396	0x22F7      	ADDWFC      TBLPTRH, 1 
0x0398	0x0E00      	MOVLW       higher_addr(__Lib_Conversions_Digits)
0x039A	0x6EF8      	MOVWF       TBLPTRU 
0x039C	0x0E00      	MOVLW       0
0x039E	0x22F8      	ADDWFC      TBLPTRU, 1 
0x03A0	0x0009      	TBLRD*+
0x03A2	0xF000CFF5  	MOVFF       TABLAT, R0
0x03A6	0xFFE1C073  	MOVFF       FARG_ByteToHex_output, FSR1L
0x03AA	0xFFE2C074  	MOVFF       FARG_ByteToHex_output+1, FSR1H
0x03AE	0xFFE6C000  	MOVFF       R0, POSTINC1
0x03B2	0x0E01      	MOVLW       1
0x03B4	0x2473      	ADDWF       FARG_ByteToHex_output, 0 
0x03B6	0x6EE1      	MOVWF       FSR1L 
0x03B8	0x0E00      	MOVLW       0
0x03BA	0x2074      	ADDWFC      FARG_ByteToHex_output+1, 0 
0x03BC	0x6EE2      	MOVWF       FSR1H 
0x03BE	0x0E0F      	MOVLW       15
0x03C0	0x1472      	ANDWF       FARG_ByteToHex_input, 0 
0x03C2	0x6E00      	MOVWF       R0 
0x03C4	0x0EFA      	MOVLW       __Lib_Conversions_Digits
0x03C6	0x2400      	ADDWF       R0, 0 
0x03C8	0x6EF6      	MOVWF       4086 
0x03CA	0x0E08      	MOVLW       hi_addr(__Lib_Conversions_Digits)
0x03CC	0x6EF7      	MOVWF       TBLPTRH 
0x03CE	0x0E00      	MOVLW       0
0x03D0	0x22F7      	ADDWFC      TBLPTRH, 1 
0x03D2	0x0E00      	MOVLW       higher_addr(__Lib_Conversions_Digits)
0x03D4	0x6EF8      	MOVWF       TBLPTRU 
0x03D6	0x0E00      	MOVLW       0
0x03D8	0x22F8      	ADDWFC      TBLPTRU, 1 
0x03DA	0x0009      	TBLRD*+
0x03DC	0xF000CFF5  	MOVFF       TABLAT, R0
0x03E0	0xFFE6C000  	MOVFF       R0, POSTINC1
0x03E4	0x0E02      	MOVLW       2
0x03E6	0x2473      	ADDWF       FARG_ByteToHex_output, 0 
0x03E8	0x6EE1      	MOVWF       FSR1L 
0x03EA	0x0E00      	MOVLW       0
0x03EC	0x2074      	ADDWFC      FARG_ByteToHex_output+1, 0 
0x03EE	0x6EE2      	MOVWF       FSR1H 
0x03F0	0x6AE6      	CLRF        POSTINC1 
L_end_ByteToHex:
0x03F2	0x0012      	RETURN      0
; end of _ByteToHex
_Ow_Read:
0x03F4	0xF001C074  	MOVFF       FARG_Ow_Read_pin, R1
0x03F8	0x0E01      	MOVLW       1
0x03FA	0x6E00      	MOVWF       R0 
0x03FC	0x5001      	MOVF        R1, 0 
L__Ow_Read12:
0x03FE	0xE004      	BZ          L__Ow_Read13
0x0400	0x3600      	RLCF        R0, 1 
0x0402	0x9000      	BCF         R0, 0 
0x0404	0x0FFF      	ADDLW       255
0x0406	0xD7FB      	BRA         L__Ow_Read12
L__Ow_Read13:
0x0408	0xF078C000  	MOVFF       R0, Ow_Read_bit_mask_1_L0
0x040C	0x1C00      	COMF        R0, 0 
0x040E	0x6E77      	MOVWF       Ow_Read_bit_mask_0_L0 
0x0410	0x6A76      	CLRF        Ow_Read_tmp_L0 
0x0412	0xFFE9C072  	MOVFF       FARG_Ow_Read_port, FSR0L
0x0416	0xFFEAC073  	MOVFF       FARG_Ow_Read_port+1, FSR0H
0x041A	0x6A75      	CLRF        Ow_Read_i_L0 
L_Ow_Read0:
0x041C	0x5075      	MOVF        Ow_Read_i_L0, 0 
0x041E	0x0807      	SUBLW       7
0x0420	0xE320      	BNC         L_Ow_Read1
0x0422	0x5077      	MOVF        Ow_Read_bit_mask_0_L0, 0 
0x0424	0x16EF      	ANDWF       INDF0, 1 
0x0426	0x0E12      	MOVLW       18
0x0428	0x26E9      	ADDWF       FSR0L, 1 
0x042A	0x5077      	MOVF        Ow_Read_bit_mask_0_L0, 0 
0x042C	0x16EF      	ANDWF       INDF0, 1 
0x042E	0xDDF6      	RCALL       _Delay_1us
0x0430	0x5078      	MOVF        Ow_Read_bit_mask_1_L0, 0 
0x0432	0x12EF      	IORWF       INDF0, 1 
0x0434	0xDDF3      	RCALL       _Delay_1us
0x0436	0x0E12      	MOVLW       18
0x0438	0x5EE9      	SUBWF       FSR0L, 1 
0x043A	0x5078      	MOVF        Ow_Read_bit_mask_1_L0, 0 
0x043C	0x14EF      	ANDWF       INDF0, 0 
0x043E	0x6E00      	MOVWF       R0 
0x0440	0xE00C      	BZ          L_Ow_Read3
0x0442	0xF001C075  	MOVFF       Ow_Read_i_L0, R1
0x0446	0x0E01      	MOVLW       1
0x0448	0x6E00      	MOVWF       R0 
0x044A	0x5001      	MOVF        R1, 0 
L__Ow_Read14:
0x044C	0xE004      	BZ          L__Ow_Read15
0x044E	0x3600      	RLCF        R0, 1 
0x0450	0x9000      	BCF         R0, 0 
0x0452	0x0FFF      	ADDLW       255
0x0454	0xD7FB      	BRA         L__Ow_Read14
L__Ow_Read15:
0x0456	0x5000      	MOVF        R0, 0 
0x0458	0x1276      	IORWF       Ow_Read_tmp_L0, 1 
L_Ow_Read3:
0x045A	0xDDEE      	RCALL       _Delay_50us
0x045C	0xDDED      	RCALL       _Delay_50us
0x045E	0x2A75      	INCF        Ow_Read_i_L0, 1 
0x0460	0xD7DD      	BRA         L_Ow_Read0
L_Ow_Read1:
0x0462	0xF000C076  	MOVFF       Ow_Read_tmp_L0, R0
L_end_Ow_Read:
0x0466	0x0012      	RETURN      0
; end of _Ow_Read
_Lcd_Init:
0x0468	0x9A93      	BCF         LCD_EN_Direction, BitPos(LCD_EN_Direction+0) 
0x046A	0x9893      	BCF         LCD_RS_Direction, BitPos(LCD_RS_Direction+0) 
0x046C	0x9093      	BCF         LCD_D4_Direction, BitPos(LCD_D4_Direction+0) 
0x046E	0x9293      	BCF         LCD_D5_Direction, BitPos(LCD_D5_Direction+0) 
0x0470	0x9493      	BCF         LCD_D6_Direction, BitPos(LCD_D6_Direction+0) 
0x0472	0x9693      	BCF         LCD_D7_Direction, BitPos(LCD_D7_Direction+0) 
0x0474	0x9A8A      	BCF         LCD_EN, BitPos(LCD_EN+0) 
0x0476	0x988A      	BCF         LCD_RS, BitPos(LCD_RS+0) 
0x0478	0x968A      	BCF         LCD_D7, BitPos(LCD_D7+0) 
0x047A	0x948A      	BCF         LCD_D6, BitPos(LCD_D6+0) 
0x047C	0x928A      	BCF         LCD_D5, BitPos(LCD_D5+0) 
0x047E	0x908A      	BCF         LCD_D4, BitPos(LCD_D4+0) 
0x0480	0xDDD0      	RCALL       _Delay_5500us
0x0482	0xDDCF      	RCALL       _Delay_5500us
0x0484	0xDDCE      	RCALL       _Delay_5500us
0x0486	0x828A      	BSF         LCD_D5, BitPos(LCD_D5+0) 
0x0488	0x808A      	BSF         LCD_D4, BitPos(LCD_D4+0) 
0x048A	0x8A8A      	BSF         LCD_EN, BitPos(LCD_EN+0) 
0x048C	0xDDC7      	RCALL       _Delay_1us
0x048E	0x9A8A      	BCF         LCD_EN, BitPos(LCD_EN+0) 
0x0490	0xDDC8      	RCALL       _Delay_5500us
0x0492	0x8A8A      	BSF         LCD_EN, BitPos(LCD_EN+0) 
0x0494	0xDDC3      	RCALL       _Delay_1us
0x0496	0x9A8A      	BCF         LCD_EN, BitPos(LCD_EN+0) 
0x0498	0xDDC4      	RCALL       _Delay_5500us
0x049A	0x8A8A      	BSF         LCD_EN, BitPos(LCD_EN+0) 
0x049C	0xDDBF      	RCALL       _Delay_1us
0x049E	0x9A8A      	BCF         LCD_EN, BitPos(LCD_EN+0) 
0x04A0	0xDDC0      	RCALL       _Delay_5500us
0x04A2	0x908A      	BCF         LCD_D4, BitPos(LCD_D4+0) 
0x04A4	0x8A8A      	BSF         LCD_EN, BitPos(LCD_EN+0) 
0x04A6	0xDDBA      	RCALL       _Delay_1us
0x04A8	0x9A8A      	BCF         LCD_EN, BitPos(LCD_EN+0) 
0x04AA	0xDDBB      	RCALL       _Delay_5500us
0x04AC	0x8A8A      	BSF         LCD_EN, BitPos(LCD_EN+0) 
0x04AE	0xDDB6      	RCALL       _Delay_1us
0x04B0	0x9A8A      	BCF         LCD_EN, BitPos(LCD_EN+0) 
0x04B2	0x928A      	BCF         LCD_D5, BitPos(LCD_D5+0) 
0x04B4	0x868A      	BSF         LCD_D7, BitPos(LCD_D7+0) 
0x04B6	0x8A8A      	BSF         LCD_EN, BitPos(LCD_EN+0) 
0x04B8	0xDDB1      	RCALL       _Delay_1us
0x04BA	0x9A8A      	BCF         LCD_EN, BitPos(LCD_EN+0) 
0x04BC	0xDDB2      	RCALL       _Delay_5500us
0x04BE	0x968A      	BCF         LCD_D7, BitPos(LCD_D7+0) 
0x04C0	0x808A      	BSF         LCD_D4, BitPos(LCD_D4+0) 
0x04C2	0x8A8A      	BSF         LCD_EN, BitPos(LCD_EN+0) 
0x04C4	0xDDAB      	RCALL       _Delay_1us
0x04C6	0x9A8A      	BCF         LCD_EN, BitPos(LCD_EN+0) 
0x04C8	0x908A      	BCF         LCD_D4, BitPos(LCD_D4+0) 
0x04CA	0x8A8A      	BSF         LCD_EN, BitPos(LCD_EN+0) 
0x04CC	0xDDA7      	RCALL       _Delay_1us
0x04CE	0x9A8A      	BCF         LCD_EN, BitPos(LCD_EN+0) 
0x04D0	0xDDA8      	RCALL       _Delay_5500us
0x04D2	0x8A8A      	BSF         LCD_EN, BitPos(LCD_EN+0) 
0x04D4	0xDDA3      	RCALL       _Delay_1us
0x04D6	0x9A8A      	BCF         LCD_EN, BitPos(LCD_EN+0) 
0x04D8	0x808A      	BSF         LCD_D4, BitPos(LCD_D4+0) 
0x04DA	0x8A8A      	BSF         LCD_EN, BitPos(LCD_EN+0) 
0x04DC	0xDD9F      	RCALL       _Delay_1us
0x04DE	0x9A8A      	BCF         LCD_EN, BitPos(LCD_EN+0) 
0x04E0	0xDDA0      	RCALL       _Delay_5500us
0x04E2	0x908A      	BCF         LCD_D4, BitPos(LCD_D4+0) 
0x04E4	0x8A8A      	BSF         LCD_EN, BitPos(LCD_EN+0) 
0x04E6	0xDD9A      	RCALL       _Delay_1us
0x04E8	0x9A8A      	BCF         LCD_EN, BitPos(LCD_EN+0) 
0x04EA	0x868A      	BSF         LCD_D7, BitPos(LCD_D7+0) 
0x04EC	0x848A      	BSF         LCD_D6, BitPos(LCD_D6+0) 
0x04EE	0x828A      	BSF         LCD_D5, BitPos(LCD_D5+0) 
0x04F0	0x808A      	BSF         LCD_D4, BitPos(LCD_D4+0) 
0x04F2	0x8A8A      	BSF         LCD_EN, BitPos(LCD_EN+0) 
0x04F4	0xDD93      	RCALL       _Delay_1us
0x04F6	0x9A8A      	BCF         LCD_EN, BitPos(LCD_EN+0) 
0x04F8	0xDD94      	RCALL       _Delay_5500us
0x04FA	0x806A      	BSF         __Lib_Lcd_cmd_status, BitPos(__Lib_Lcd_cmd_status+0) 
L_end_Lcd_Init:
0x04FC	0x0012      	RETURN      0
; end of _Lcd_Init
_Resolution:
0x04FE	0x0E84      	MOVLW       PORTE
0x0500	0x6E72      	MOVWF       FARG_Ow_Reset_port 
0x0502	0x0E0F      	MOVLW       hi_addr(PORTE)
0x0504	0x6E73      	MOVWF       FARG_Ow_Reset_port+1 
0x0506	0x0E02      	MOVLW       2
0x0508	0x6E74      	MOVWF       FARG_Ow_Reset_pin 
0x050A	0xDF0B      	RCALL       _Ow_Reset
0x050C	0x0E84      	MOVLW       PORTE
0x050E	0x6E72      	MOVWF       FARG_Ow_Write_port 
0x0510	0x0E0F      	MOVLW       hi_addr(PORTE)
0x0512	0x6E73      	MOVWF       FARG_Ow_Write_port+1 
0x0514	0x0E02      	MOVLW       2
0x0516	0x6E74      	MOVWF       FARG_Ow_Write_pin 
0x0518	0x0E33      	MOVLW       51
0x051A	0x6E75      	MOVWF       FARG_Ow_Write_data_ 
0x051C	0xDECD      	RCALL       _Ow_Write
0x051E	0x0E4F      	MOVLW       79
0x0520	0x6E0D      	MOVWF       R13, 0
L_Resolution0:
0x0522	0x2E0D      	DECFSZ      R13, 1, 0
0x0524	0xD7FE      	BRA         L_Resolution0
0x0526	0x0000      	NOP
0x0528	0x0000      	NOP
0x052A	0x0E84      	MOVLW       PORTE
0x052C	0x6E72      	MOVWF       FARG_Ow_Read_port 
0x052E	0x0E0F      	MOVLW       hi_addr(PORTE)
0x0530	0x6E73      	MOVWF       FARG_Ow_Read_port+1 
0x0532	0x0E02      	MOVLW       2
0x0534	0x6E74      	MOVWF       FARG_Ow_Read_pin 
0x0536	0xDF5E      	RCALL       _Ow_Read
0x0538	0xF05FC000  	MOVFF       R0, _family_code
0x053C	0xD00C      	BRA         L_Resolution1
L_Resolution3:
0x053E	0x0E0C      	MOVLW       12
0x0540	0x6E6B      	MOVWF       _TEMP_RESOLUTION 
0x0542	0xD016      	BRA         L_Resolution2
L_Resolution4:
0x0544	0x0E09      	MOVLW       9
0x0546	0x6E6B      	MOVWF       _TEMP_RESOLUTION 
0x0548	0xD013      	BRA         L_Resolution2
L_Resolution5:
0x054A	0x6A6B      	CLRF        _TEMP_RESOLUTION 
0x054C	0xD011      	BRA         L_Resolution2
L_Resolution6:
0x054E	0x6A6B      	CLRF        _TEMP_RESOLUTION 
0x0550	0xD00F      	BRA         L_Resolution2
L_Resolution7:
0x0552	0x6A6B      	CLRF        _TEMP_RESOLUTION 
0x0554	0xD00D      	BRA         L_Resolution2
L_Resolution1:
0x0556	0x505F      	MOVF        _family_code, 0 
0x0558	0x0A28      	XORLW       40
0x055A	0xE0F1      	BZ          L_Resolution3
0x055C	0x505F      	MOVF        _family_code, 0 
0x055E	0x0A10      	XORLW       16
0x0560	0xE0F1      	BZ          L_Resolution4
0x0562	0x505F      	MOVF        _family_code, 0 
0x0564	0x0A01      	XORLW       1
0x0566	0xE0F1      	BZ          L_Resolution5
0x0568	0x505F      	MOVF        _family_code, 0 
0x056A	0x0AFF      	XORLW       255
0x056C	0xE0F0      	BZ          L_Resolution6
0x056E	0xD7F1      	BRA         L_Resolution7
L_Resolution2:
0x0570	0x0E84      	MOVLW       PORTE
0x0572	0x6E72      	MOVWF       FARG_Ow_Reset_port 
0x0574	0x0E0F      	MOVLW       hi_addr(PORTE)
0x0576	0x6E73      	MOVWF       FARG_Ow_Reset_port+1 
0x0578	0x0E02      	MOVLW       2
0x057A	0x6E74      	MOVWF       FARG_Ow_Reset_pin 
0x057C	0xDED2      	RCALL       _Ow_Reset
0x057E	0x0E84      	MOVLW       PORTE
0x0580	0x6E72      	MOVWF       FARG_Ow_Write_port 
0x0582	0x0E0F      	MOVLW       hi_addr(PORTE)
0x0584	0x6E73      	MOVWF       FARG_Ow_Write_port+1 
0x0586	0x0E02      	MOVLW       2
0x0588	0x6E74      	MOVWF       FARG_Ow_Write_pin 
0x058A	0x0E33      	MOVLW       51
0x058C	0x6E75      	MOVWF       FARG_Ow_Write_data_ 
0x058E	0xDE94      	RCALL       _Ow_Write
0x0590	0x0E4F      	MOVLW       79
0x0592	0x6E0D      	MOVWF       R13, 0
L_Resolution8:
0x0594	0x2E0D      	DECFSZ      R13, 1, 0
0x0596	0xD7FE      	BRA         L_Resolution8
0x0598	0x0000      	NOP
0x059A	0x0000      	NOP
0x059C	0x6A60      	CLRF        _i 
0x059E	0x6A61      	CLRF        _i+1 
L_Resolution9:
0x05A0	0x0E80      	MOVLW       128
0x05A2	0x6E00      	MOVWF       R0 
0x05A4	0x0E80      	MOVLW       128
0x05A6	0x1861      	XORWF       _i+1, 0 
0x05A8	0x5C00      	SUBWF       R0, 0 
0x05AA	0xE102      	BNZ         L__Resolution46
0x05AC	0x5060      	MOVF        _i, 0 
0x05AE	0x0807      	SUBLW       7
L__Resolution46:
0x05B0	0xE316      	BNC         L_Resolution10
0x05B2	0x0E62      	MOVLW       _sernum
0x05B4	0x2460      	ADDWF       _i, 0 
0x05B6	0x6E6C      	MOVWF       FLOC__Resolution 
0x05B8	0x0E00      	MOVLW       hi_addr(_sernum)
0x05BA	0x2061      	ADDWFC      _i+1, 0 
0x05BC	0x6E6D      	MOVWF       FLOC__Resolution+1 
0x05BE	0x0E84      	MOVLW       PORTE
0x05C0	0x6E72      	MOVWF       FARG_Ow_Read_port 
0x05C2	0x0E0F      	MOVLW       hi_addr(PORTE)
0x05C4	0x6E73      	MOVWF       FARG_Ow_Read_port+1 
0x05C6	0x0E02      	MOVLW       2
0x05C8	0x6E74      	MOVWF       FARG_Ow_Read_pin 
0x05CA	0xDF14      	RCALL       _Ow_Read
0x05CC	0xFFE1C06C  	MOVFF       FLOC__Resolution, FSR1L
0x05D0	0xFFE2C06D  	MOVFF       FLOC__Resolution+1, FSR1H
0x05D4	0xFFE6C000  	MOVFF       R0, POSTINC1
0x05D8	0x4A60      	INFSNZ      _i, 1 
0x05DA	0x2A61      	INCF        _i+1, 1 
0x05DC	0xD7E1      	BRA         L_Resolution9
L_Resolution10:
L_end_Resolution:
0x05DE	0x0012      	RETURN      0
; end of _Resolution
___CC2DW:
_CC2DL_Loop1:
0x05E0	0x0009      	TBLRD*+
0x05E2	0xFFE6CFF5  	MOVFF       TABLAT, POSTINC1
0x05E6	0x0600      	DECF        R0, 1, 0
0x05E8	0xE1FB      	BNZ         _CC2DL_Loop1
0x05EA	0x0601      	DECF        R1, 1, 0
0x05EC	0xE1F9      	BNZ         _CC2DL_Loop1
L_end___CC2DW:
0x05EE	0x0012      	RETURN      0
; end of ___CC2DW
_Display_Temperature:
0x05F0	0x0E08      	MOVLW       8
0x05F2	0x5C6B      	SUBWF       _TEMP_RESOLUTION, 0 
0x05F4	0x6E00      	MOVWF       R0 
0x05F6	0x6A01      	CLRF        R1 
0x05F8	0x0E00      	MOVLW       0
0x05FA	0x5A01      	SUBWFB      R1, 1 
0x05FC	0xF06CC000  	MOVFF       R0, Display_Temperature_RES_SHIFT_L0
0x0600	0xF06EC05D  	MOVFF       _temp, Display_Temperature_temp2write_L0
0x0604	0xF06FC05E  	MOVFF       _temp+1, Display_Temperature_temp2write_L0+1
0x0608	0xAE5E      	BTFSS       _temp+1, 7 
0x060A	0xD00A      	BRA         L_Display_Temperature31
0x060C	0xFFE1C053  	MOVFF       _text, FSR1L
0x0610	0xFFE2C054  	MOVFF       _text+1, FSR1H
0x0614	0x0E2D      	MOVLW       45
0x0616	0x6EE6      	MOVWF       POSTINC1 
0x0618	0x1E6E      	COMF        Display_Temperature_temp2write_L0, 1 
0x061A	0x1E6F      	COMF        Display_Temperature_temp2write_L0+1, 1 
0x061C	0x4A6E      	INFSNZ      Display_Temperature_temp2write_L0, 1 
0x061E	0x2A6F      	INCF        Display_Temperature_temp2write_L0+1, 1 
L_Display_Temperature31:
0x0620	0xF002C06C  	MOVFF       Display_Temperature_RES_SHIFT_L0, R2
0x0624	0xF000C06E  	MOVFF       Display_Temperature_temp2write_L0, R0
0x0628	0xF001C06F  	MOVFF       Display_Temperature_temp2write_L0+1, R1
0x062C	0x5002      	MOVF        R2, 0 
L__Display_Temperature53:
0x062E	0xE005      	BZ          L__Display_Temperature54
0x0630	0x3201      	RRCF        R1, 1 
0x0632	0x3200      	RRCF        R0, 1 
0x0634	0x9E01      	BCF         R1, 7 
0x0636	0x0FFF      	ADDLW       255
0x0638	0xD7FA      	BRA         L__Display_Temperature53
L__Display_Temperature54:
0x063A	0xF06DC000  	MOVFF       R0, Display_Temperature_temp_whole_L0
0x063E	0x0E64      	MOVLW       100
0x0640	0x6E04      	MOVWF       R4 
0x0642	0xDD92      	RCALL       _Div_8X8_U
0x0644	0x5200      	MOVF        R0, 1 
0x0646	0xE006      	BZ          L_Display_Temperature32
0x0648	0xFFE1C053  	MOVFF       _text, FSR1L
0x064C	0xFFE2C054  	MOVFF       _text+1, FSR1H
0x0650	0x0E20      	MOVLW       32
0x0652	0x6EE6      	MOVWF       POSTINC1 
L_Display_Temperature32:
0x0654	0x0E01      	MOVLW       1
0x0656	0x2453      	ADDWF       _text, 0 
0x0658	0x6E70      	MOVWF       FLOC__Display_Temperature 
0x065A	0x0E00      	MOVLW       0
0x065C	0x2054      	ADDWFC      _text+1, 0 
0x065E	0x6E71      	MOVWF       FLOC__Display_Temperature+1 
0x0660	0x0E0A      	MOVLW       10
0x0662	0x6E04      	MOVWF       R4 
0x0664	0xF000C06D  	MOVFF       Display_Temperature_temp_whole_L0, R0
0x0668	0xDD7F      	RCALL       _Div_8X8_U
0x066A	0x0E0A      	MOVLW       10
0x066C	0x6E04      	MOVWF       R4 
0x066E	0xDD7C      	RCALL       _Div_8X8_U
0x0670	0xF000C008  	MOVFF       R8, R0
0x0674	0x0E30      	MOVLW       48
0x0676	0x2600      	ADDWF       R0, 1 
0x0678	0xFFE1C070  	MOVFF       FLOC__Display_Temperature, FSR1L
0x067C	0xFFE2C071  	MOVFF       FLOC__Display_Temperature+1, FSR1H
0x0680	0xFFE6C000  	MOVFF       R0, POSTINC1
0x0684	0x0E02      	MOVLW       2
0x0686	0x2453      	ADDWF       _text, 0 
0x0688	0x6E70      	MOVWF       FLOC__Display_Temperature 
0x068A	0x0E00      	MOVLW       0
0x068C	0x2054      	ADDWFC      _text+1, 0 
0x068E	0x6E71      	MOVWF       FLOC__Display_Temperature+1 
0x0690	0x0E0A      	MOVLW       10
0x0692	0x6E04      	MOVWF       R4 
0x0694	0xF000C06D  	MOVFF       Display_Temperature_temp_whole_L0, R0
0x0698	0xDD67      	RCALL       _Div_8X8_U
0x069A	0xF000C008  	MOVFF       R8, R0
0x069E	0x0E30      	MOVLW       48
0x06A0	0x2600      	ADDWF       R0, 1 
0x06A2	0xFFE1C070  	MOVFF       FLOC__Display_Temperature, FSR1L
0x06A6	0xFFE2C071  	MOVFF       FLOC__Display_Temperature+1, FSR1H
0x06AA	0xFFE6C000  	MOVFF       R0, POSTINC1
0x06AE	0x0E03      	MOVLW       3
0x06B0	0x2453      	ADDWF       _text, 0 
0x06B2	0x6EE1      	MOVWF       FSR1L 
0x06B4	0x0E00      	MOVLW       0
0x06B6	0x2054      	ADDWFC      _text+1, 0 
0x06B8	0x6EE2      	MOVWF       FSR1H 
0x06BA	0x0E2E      	MOVLW       46
0x06BC	0x6EE6      	MOVWF       POSTINC1 
0x06BE	0x506C      	MOVF        Display_Temperature_RES_SHIFT_L0, 0 
0x06C0	0x0804      	SUBLW       4
0x06C2	0x6E00      	MOVWF       R0 
0x06C4	0x6A01      	CLRF        R1 
0x06C6	0x0E00      	MOVLW       0
0x06C8	0x5A01      	SUBWFB      R1, 1 
0x06CA	0xF002C000  	MOVFF       R0, R2
0x06CE	0xF000C06E  	MOVFF       Display_Temperature_temp2write_L0, R0
0x06D2	0xF001C06F  	MOVFF       Display_Temperature_temp2write_L0+1, R1
0x06D6	0x5002      	MOVF        R2, 0 
L__Display_Temperature55:
0x06D8	0xE005      	BZ          L__Display_Temperature56
0x06DA	0x3600      	RLCF        R0, 1 
0x06DC	0x9000      	BCF         R0, 0 
0x06DE	0x3601      	RLCF        R1, 1 
0x06E0	0x0FFF      	ADDLW       255
0x06E2	0xD7FA      	BRA         L__Display_Temperature55
L__Display_Temperature56:
0x06E4	0x0E0F      	MOVLW       15
0x06E6	0x1600      	ANDWF       R0, 1 
0x06E8	0x0E00      	MOVLW       0
0x06EA	0x1601      	ANDWF       R1, 1 
0x06EC	0x0E71      	MOVLW       113
0x06EE	0x6E04      	MOVWF       R4 
0x06F0	0x0E02      	MOVLW       2
0x06F2	0x6E05      	MOVWF       R5 
0x06F4	0xDD48      	RCALL       _Mul_16X16_U
0x06F6	0x0E04      	MOVLW       4
0x06F8	0x2453      	ADDWF       _text, 0 
0x06FA	0x6E70      	MOVWF       FLOC__Display_Temperature 
0x06FC	0x0E00      	MOVLW       0
0x06FE	0x2054      	ADDWFC      _text+1, 0 
0x0700	0x6E71      	MOVWF       FLOC__Display_Temperature+1 
0x0702	0x0EE8      	MOVLW       232
0x0704	0x6E04      	MOVWF       R4 
0x0706	0x0E03      	MOVLW       3
0x0708	0x6E05      	MOVWF       R5 
0x070A	0xDD65      	RCALL       _Div_16X16_U
0x070C	0x0E30      	MOVLW       48
0x070E	0x2600      	ADDWF       R0, 1 
0x0710	0xFFE1C070  	MOVFF       FLOC__Display_Temperature, FSR1L
0x0714	0xFFE2C071  	MOVFF       FLOC__Display_Temperature+1, FSR1H
0x0718	0xFFE6C000  	MOVFF       R0, POSTINC1
0x071C	0xF072C053  	MOVFF       _text, FARG_Atingiu_Limite_text
0x0720	0xF073C054  	MOVFF       _text+1, FARG_Atingiu_Limite_text+1
0x0724	0xDD73      	RCALL       _Atingiu_Limite
0x0726	0x0E01      	MOVLW       1
0x0728	0x6E79      	MOVWF       FARG_Lcd_Out_row 
0x072A	0x0E07      	MOVLW       7
0x072C	0x6E7A      	MOVWF       FARG_Lcd_Out_column 
0x072E	0xF07BC053  	MOVFF       _text, FARG_Lcd_Out_text
0x0732	0xF07CC054  	MOVFF       _text+1, FARG_Lcd_Out_text+1
0x0736	0xDCDB      	RCALL       _Lcd_Out
0x0738	0x0E27      	MOVLW       39
0x073A	0x6E7E      	MOVWF       FARG_Lcd_Chr_CP_out_char 
0x073C	0xDCC0      	RCALL       _Lcd_Chr_CP
0x073E	0x0E43      	MOVLW       67
0x0740	0x6E7E      	MOVWF       FARG_Lcd_Chr_CP_out_char 
0x0742	0xDCBD      	RCALL       _Lcd_Chr_CP
L_end_Display_Temperature:
0x0744	0x0012      	RETURN      0
; end of _Display_Temperature
_Read_Temperature:
0x0746	0x0E84      	MOVLW       PORTE
0x0748	0x6E72      	MOVWF       FARG_Ow_Reset_port 
0x074A	0x0E0F      	MOVLW       hi_addr(PORTE)
0x074C	0x6E73      	MOVWF       FARG_Ow_Reset_port+1 
0x074E	0x0E02      	MOVLW       2
0x0750	0x6E74      	MOVWF       FARG_Ow_Reset_pin 
0x0752	0xDDE7      	RCALL       _Ow_Reset
0x0754	0x0E84      	MOVLW       PORTE
0x0756	0x6E72      	MOVWF       FARG_Ow_Write_port 
0x0758	0x0E0F      	MOVLW       hi_addr(PORTE)
0x075A	0x6E73      	MOVWF       FARG_Ow_Write_port+1 
0x075C	0x0E02      	MOVLW       2
0x075E	0x6E74      	MOVWF       FARG_Ow_Write_pin 
0x0760	0x0ECC      	MOVLW       204
0x0762	0x6E75      	MOVWF       FARG_Ow_Write_data_ 
0x0764	0xDDA9      	RCALL       _Ow_Write
0x0766	0x0E84      	MOVLW       PORTE
0x0768	0x6E72      	MOVWF       FARG_Ow_Write_port 
0x076A	0x0E0F      	MOVLW       hi_addr(PORTE)
0x076C	0x6E73      	MOVWF       FARG_Ow_Write_port+1 
0x076E	0x0E02      	MOVLW       2
0x0770	0x6E74      	MOVWF       FARG_Ow_Write_pin 
0x0772	0x0E44      	MOVLW       68
0x0774	0x6E75      	MOVWF       FARG_Ow_Write_data_ 
0x0776	0xDDA0      	RCALL       _Ow_Write
0x0778	0x0E4F      	MOVLW       79
0x077A	0x6E0D      	MOVWF       R13, 0
L_Read_Temperature12:
0x077C	0x2E0D      	DECFSZ      R13, 1, 0
0x077E	0xD7FE      	BRA         L_Read_Temperature12
0x0780	0x0000      	NOP
0x0782	0x0000      	NOP
0x0784	0x0E84      	MOVLW       PORTE
0x0786	0x6E72      	MOVWF       FARG_Ow_Reset_port 
0x0788	0x0E0F      	MOVLW       hi_addr(PORTE)
0x078A	0x6E73      	MOVWF       FARG_Ow_Reset_port+1 
0x078C	0x0E02      	MOVLW       2
0x078E	0x6E74      	MOVWF       FARG_Ow_Reset_pin 
0x0790	0xDDC8      	RCALL       _Ow_Reset
0x0792	0x0E84      	MOVLW       PORTE
0x0794	0x6E72      	MOVWF       FARG_Ow_Write_port 
0x0796	0x0E0F      	MOVLW       hi_addr(PORTE)
0x0798	0x6E73      	MOVWF       FARG_Ow_Write_port+1 
0x079A	0x0E02      	MOVLW       2
0x079C	0x6E74      	MOVWF       FARG_Ow_Write_pin 
0x079E	0x0ECC      	MOVLW       204
0x07A0	0x6E75      	MOVWF       FARG_Ow_Write_data_ 
0x07A2	0xDD8A      	RCALL       _Ow_Write
0x07A4	0x0E84      	MOVLW       PORTE
0x07A6	0x6E72      	MOVWF       FARG_Ow_Write_port 
0x07A8	0x0E0F      	MOVLW       hi_addr(PORTE)
0x07AA	0x6E73      	MOVWF       FARG_Ow_Write_port+1 
0x07AC	0x0E02      	MOVLW       2
0x07AE	0x6E74      	MOVWF       FARG_Ow_Write_pin 
0x07B0	0x0EBE      	MOVLW       190
0x07B2	0x6E75      	MOVWF       FARG_Ow_Write_data_ 
0x07B4	0xDD81      	RCALL       _Ow_Write
0x07B6	0x0E84      	MOVLW       PORTE
0x07B8	0x6E72      	MOVWF       FARG_Ow_Read_port 
0x07BA	0x0E0F      	MOVLW       hi_addr(PORTE)
0x07BC	0x6E73      	MOVWF       FARG_Ow_Read_port+1 
0x07BE	0x0E02      	MOVLW       2
0x07C0	0x6E74      	MOVWF       FARG_Ow_Read_pin 
0x07C2	0xDE18      	RCALL       _Ow_Read
0x07C4	0xF05DC000  	MOVFF       R0, _temp
0x07C8	0x0E00      	MOVLW       0
0x07CA	0x6E5E      	MOVWF       _temp+1 
0x07CC	0x0E84      	MOVLW       PORTE
0x07CE	0x6E72      	MOVWF       FARG_Ow_Read_port 
0x07D0	0x0E0F      	MOVLW       hi_addr(PORTE)
0x07D2	0x6E73      	MOVWF       FARG_Ow_Read_port+1 
0x07D4	0x0E02      	MOVLW       2
0x07D6	0x6E74      	MOVWF       FARG_Ow_Read_pin 
0x07D8	0xDE0D      	RCALL       _Ow_Read
0x07DA	0xF002C000  	MOVFF       R0, R2
0x07DE	0x6A01      	CLRF        R1 
0x07E0	0x5001      	MOVF        R1, 0 
0x07E2	0x265D      	ADDWF       _temp, 1 
0x07E4	0x5002      	MOVF        R2, 0 
0x07E6	0x225E      	ADDWFC      _temp+1, 1 
L_end_Read_Temperature:
0x07E8	0x0012      	RETURN      0
; end of _Read_Temperature
_Display_Type:
0x07EA	0xD02E      	BRA         L_Display_Type16
L_Display_Type18:
0x07EC	0x0E01      	MOVLW       1
0x07EE	0x6E79      	MOVWF       FARG_Lcd_Out_row 
0x07F0	0x0E01      	MOVLW       1
0x07F2	0x6E7A      	MOVWF       FARG_Lcd_Out_column 
0x07F4	0x0E31      	MOVLW       ?lstr2_SensorTemperatura
0x07F6	0x6E7B      	MOVWF       FARG_Lcd_Out_text 
0x07F8	0x0E00      	MOVLW       hi_addr(?lstr2_SensorTemperatura)
0x07FA	0x6E7C      	MOVWF       FARG_Lcd_Out_text+1 
0x07FC	0xDC78      	RCALL       _Lcd_Out
0x07FE	0xD02B      	BRA         L_Display_Type17
L_Display_Type19:
0x0800	0x0E01      	MOVLW       1
0x0802	0x6E79      	MOVWF       FARG_Lcd_Out_row 
0x0804	0x0E01      	MOVLW       1
0x0806	0x6E7A      	MOVWF       FARG_Lcd_Out_column 
0x0808	0x0E15      	MOVLW       ?lstr3_SensorTemperatura
0x080A	0x6E7B      	MOVWF       FARG_Lcd_Out_text 
0x080C	0x0E00      	MOVLW       hi_addr(?lstr3_SensorTemperatura)
0x080E	0x6E7C      	MOVWF       FARG_Lcd_Out_text+1 
0x0810	0xDC6E      	RCALL       _Lcd_Out
0x0812	0x0E02      	MOVLW       2
0x0814	0x6E79      	MOVWF       FARG_Lcd_Out_row 
0x0816	0x0E01      	MOVLW       1
0x0818	0x6E7A      	MOVWF       FARG_Lcd_Out_column 
0x081A	0x0E20      	MOVLW       ?lstr4_SensorTemperatura
0x081C	0x6E7B      	MOVWF       FARG_Lcd_Out_text 
0x081E	0x0E00      	MOVLW       hi_addr(?lstr4_SensorTemperatura)
0x0820	0x6E7C      	MOVWF       FARG_Lcd_Out_text+1 
0x0822	0xDC65      	RCALL       _Lcd_Out
0x0824	0xD018      	BRA         L_Display_Type17
L_Display_Type20:
0x0826	0xF072C05F  	MOVFF       _family_code, FARG_ByteToHex_input
0x082A	0x0E5B      	MOVLW       _family_code_hex
0x082C	0x6E73      	MOVWF       FARG_ByteToHex_output 
0x082E	0x0E00      	MOVLW       hi_addr(_family_code_hex)
0x0830	0x6E74      	MOVWF       FARG_ByteToHex_output+1 
0x0832	0xDDA1      	RCALL       _ByteToHex
0x0834	0x0E01      	MOVLW       1
0x0836	0x6E79      	MOVWF       FARG_Lcd_Out_row 
0x0838	0x0E01      	MOVLW       1
0x083A	0x6E7A      	MOVWF       FARG_Lcd_Out_column 
0x083C	0x0E5B      	MOVLW       _family_code_hex
0x083E	0x6E7B      	MOVWF       FARG_Lcd_Out_text 
0x0840	0x0E00      	MOVLW       hi_addr(_family_code_hex)
0x0842	0x6E7C      	MOVWF       FARG_Lcd_Out_text+1 
0x0844	0xDC54      	RCALL       _Lcd_Out
0x0846	0xD007      	BRA         L_Display_Type17
L_Display_Type16:
0x0848	0x505F      	MOVF        _family_code, 0 
0x084A	0x0A28      	XORLW       40
0x084C	0xE0CF      	BZ          L_Display_Type18
0x084E	0x505F      	MOVF        _family_code, 0 
0x0850	0x0AFF      	XORLW       255
0x0852	0xE0D6      	BZ          L_Display_Type19
0x0854	0xD7E8      	BRA         L_Display_Type20
L_Display_Type17:
L_end_Display_Type:
0x0856	0x0012      	RETURN      0
; end of _Display_Type
_main:
0x0858	0xF004EC85  	CALL        2314, 0
0x085C	0x0E07      	MOVLW       7
0x085E	0x12B4      	IORWF       CMCON, 1 
0x0860	0x0E0D      	MOVLW       13
0x0862	0x6EC1      	MOVWF       ADCON1 
0x0864	0x6A80      	CLRF        PORTA 
0x0866	0x6A95      	CLRF        TRISD 
0x0868	0x0E03      	MOVLW       3
0x086A	0x6E92      	MOVWF       TRISA 
0x086C	0x8496      	BSF         TRISE, 2 
0x086E	0xDDFC      	RCALL       _Lcd_Init
0x0870	0x0E01      	MOVLW       1
0x0872	0x6E7F      	MOVWF       FARG_Lcd_Cmd_out_char 
0x0874	0xF000EC21  	CALL        _Lcd_Cmd, 0
0x0878	0x0E0C      	MOVLW       12
0x087A	0x6E7F      	MOVWF       FARG_Lcd_Cmd_out_char 
0x087C	0xF000EC21  	CALL        _Lcd_Cmd, 0
L_main33:
0x0880	0xDE3E      	RCALL       _Resolution
0x0882	0xDFB3      	RCALL       _Display_Type
0x0884	0xD004      	BRA         L_main36
L_main38:
0x0886	0xDF5F      	RCALL       _Read_Temperature
0x0888	0xDEB3      	RCALL       _Display_Temperature
0x088A	0xD005      	BRA         L_main37
L_main39:
0x088C	0xD004      	BRA         L_main37
L_main36:
0x088E	0x505F      	MOVF        _family_code, 0 
0x0890	0x0A28      	XORLW       40
0x0892	0xE0F9      	BZ          L_main38
0x0894	0xD7FB      	BRA         L_main39
L_main37:
0x0896	0x0E02      	MOVLW       2
0x0898	0x6E0B      	MOVWF       R11, 0
0x089A	0x0E04      	MOVLW       4
0x089C	0x6E0C      	MOVWF       R12, 0
0x089E	0x0EBA      	MOVLW       186
0x08A0	0x6E0D      	MOVWF       R13, 0
L_main40:
0x08A2	0x2E0D      	DECFSZ      R13, 1, 0
0x08A4	0xD7FE      	BRA         L_main40
0x08A6	0x2E0C      	DECFSZ      R12, 1, 0
0x08A8	0xD7FC      	BRA         L_main40
0x08AA	0x2E0B      	DECFSZ      R11, 1, 0
0x08AC	0xD7FA      	BRA         L_main40
0x08AE	0x0000      	NOP
0x08B0	0xD7E7      	BRA         L_main33
L_end_main:
0x08B2	0xD7FF      	BRA         $+0
; end of _main
0x090A	0xF015EE10  	LFSR        1, 21
0x090E	0x0E46      	MOVLW       70
0x0910	0x6E00      	MOVWF       R0 
0x0912	0x0E01      	MOVLW       1
0x0914	0x6E01      	MOVWF       R1 
0x0916	0x0EB4      	MOVLW       180
0x0918	0x6EF6      	MOVWF       4086 
0x091A	0x0E08      	MOVLW       8
0x091C	0x6EF7      	MOVWF       TBLPTRH 
0x091E	0x0E00      	MOVLW       0
0x0920	0x6EF8      	MOVWF       TBLPTRU 
0x0922	0xF002ECF0  	CALL        1504, 0
0x0926	0x0012      	RETURN      0
;SensorTemperatura.c,0 :: ?ICS?lstr3_SensorTemperatura
0x08B4	0x7245 ;?ICS?lstr3_SensorTemperatura+0
0x08B6	0x6F72 ;?ICS?lstr3_SensorTemperatura+2
0x08B8	0x2072 ;?ICS?lstr3_SensorTemperatura+4
0x08BA	0x3034 ;?ICS?lstr3_SensorTemperatura+6
0x08BC	0x3A34 ;?ICS?lstr3_SensorTemperatura+8
0x08BE	0x00 ;?ICS?lstr3_SensorTemperatura+10
; end of ?ICS?lstr3_SensorTemperatura
;SensorTemperatura.c,0 :: ?ICS?lstr4_SensorTemperatura
0x08BF	0x6553 ;?ICS?lstr4_SensorTemperatura+0
0x08C1	0x736E ;?ICS?lstr4_SensorTemperatura+2
0x08C3	0x726F ;?ICS?lstr4_SensorTemperatura+4
0x08C5	0x6E20 ;?ICS?lstr4_SensorTemperatura+6
0x08C7	0x746F ;?ICS?lstr4_SensorTemperatura+8
0x08C9	0x6620 ;?ICS?lstr4_SensorTemperatura+10
0x08CB	0x756F ;?ICS?lstr4_SensorTemperatura+12
0x08CD	0x646E ;?ICS?lstr4_SensorTemperatura+14
0x08CF	0x00 ;?ICS?lstr4_SensorTemperatura+16
; end of ?ICS?lstr4_SensorTemperatura
;SensorTemperatura.c,0 :: ?ICS?lstr2_SensorTemperatura
0x08D0	0x6554 ;?ICS?lstr2_SensorTemperatura+0
0x08D2	0x706D ;?ICS?lstr2_SensorTemperatura+2
0x08D4	0x003A ;?ICS?lstr2_SensorTemperatura+4
; end of ?ICS?lstr2_SensorTemperatura
;SensorTemperatura.c,0 :: ?ICS?lstr5_SensorTemperatura
0x08D6	0x694D ;?ICS?lstr5_SensorTemperatura+0
0x08D8	0x2E6E ;?ICS?lstr5_SensorTemperatura+2
0x08DA	0x4120 ;?ICS?lstr5_SensorTemperatura+4
0x08DC	0x6974 ;?ICS?lstr5_SensorTemperatura+6
0x08DE	0x676E ;?ICS?lstr5_SensorTemperatura+8
0x08E0	0x6469 ;?ICS?lstr5_SensorTemperatura+10
0x08E2	0x006F ;?ICS?lstr5_SensorTemperatura+12
; end of ?ICS?lstr5_SensorTemperatura
;SensorTemperatura.c,0 :: ?ICS?lstr6_SensorTemperatura
0x08E4	0x614D ;?ICS?lstr6_SensorTemperatura+0
0x08E6	0x2E78 ;?ICS?lstr6_SensorTemperatura+2
0x08E8	0x4120 ;?ICS?lstr6_SensorTemperatura+4
0x08EA	0x6974 ;?ICS?lstr6_SensorTemperatura+6
0x08EC	0x676E ;?ICS?lstr6_SensorTemperatura+8
0x08EE	0x6469 ;?ICS?lstr6_SensorTemperatura+10
0x08F0	0x006F ;?ICS?lstr6_SensorTemperatura+12
; end of ?ICS?lstr6_SensorTemperatura
;SensorTemperatura.c,0 :: ?ICS_text
0x08F2	0x0055 ;?ICS_text+0
; end of ?ICS_text
;SensorTemperatura.c,0 :: ?ICS?lstr1_SensorTemperatura
0x08F4	0x3030 ;?ICS?lstr1_SensorTemperatura+0
0x08F6	0x302E ;?ICS?lstr1_SensorTemperatura+2
0x08F8	0x0030 ;?ICS?lstr1_SensorTemperatura+4
; end of ?ICS?lstr1_SensorTemperatura
;__Lib_Conversions.c,3 :: __Lib_Conversions_Digits
0x08FA	0x3130 ;__Lib_Conversions_Digits+0
0x08FC	0x3332 ;__Lib_Conversions_Digits+2
0x08FE	0x3534 ;__Lib_Conversions_Digits+4
0x0900	0x3736 ;__Lib_Conversions_Digits+6
0x0902	0x3938 ;__Lib_Conversions_Digits+8
0x0904	0x4241 ;__Lib_Conversions_Digits+10
0x0906	0x4443 ;__Lib_Conversions_Digits+12
0x0908	0x4645 ;__Lib_Conversions_Digits+14
; end of __Lib_Conversions_Digits
Symbol List:
//** Routines locations **
//ADDRESS    SIZE    PROCEDURE
//----------------------------------------------
0x001C       [6]    _Delay_1us
0x0022      [22]    _Delay_5500us
0x0038      [10]    _Delay_50us
0x0042     [124]    _Lcd_Cmd
0x00BE      [12]    _Lcd_Chr_CP
0x00CA      [22]    _Delay_500us
0x00E0      [14]    _Delay_80us
0x00EE     [122]    _Lcd_Out
0x0168      [30]    _Div_8X8_U
0x0186      [80]    _Mul_16X16_U
0x01D6      [54]    _Div_16X16_U
0x020C     [172]    _Atingiu_Limite
0x02B8     [106]    _Ow_Write
0x0322      [84]    _Ow_Reset
0x0376     [126]    _ByteToHex
0x03F4     [116]    _Ow_Read
0x0468     [150]    _Lcd_Init
0x04FE     [226]    _Resolution
0x05E0      [16]    ___CC2DW
0x05F0     [342]    _Display_Temperature
0x0746     [164]    _Read_Temperature
0x07EA     [110]    _Display_Type
0x0858      [92]    _main
//** Variables locations ** 
//ADDRESS    SIZE    VARIABLE
//----------------------------------------------
0x0000       [1]    EEPROM_Write_SaveINTCON_L0
0x0000       [1]    UART1_Init_tmp_L0
0x0000       [1]    FLASH_Erase_64_SaveINTCON_L0
0x0000       [1]    R0
0x0000       [1]    __Lib_SoftI2C_PutZerosToLATSda_temp_sda_L0
0x0000       [1]    SPI1_Write_tmp_L0
0x0000       [1]    __Lib_SoftI2C_PutZerosToLATScl_temp_scl_L0
0x0001       [1]    ispunct_rslt_L0
0x0001       [1]    FLASH_Write_64_i_L0
0x0001       [1]    __Lib_TFT_16bit_JPEG_FileRead_i_L0
0x0001       [1]    __Lib_TFT_JPEG_FileRead_i_L0
0x0001       [1]    __Lib_TFT_16bit_JPEG_FileReadBytes_Result_L0
0x0001       [1]    __Lib_TFT_JPEG_FileReadBytes_Result_L0
0x0001       [1]    R1
0x0001       [1]    FLASH_Erase_Write_64_i_L0
0x0001       [1]    __Lib_PS2_Wait_Falling_nsample_L0
0x0001       [1]    UART1_Read___tmp_UART1_Read_L0
0x0001       [2]    FLASH_Read_N_Bytes_i_L0
0x0002       [1]    R2
0x0002       [2]    __Lib_FAT32_alt_memcpy_dd_L0
0x0002       [2]    __Lib_FT810_alt_memset_pp_L0
0x0002       [2]    memcpy_dd_L0
0x0002       [2]    __Lib_FT800_alt_memset_pp_L0
0x0002       [2]    __Lib_FT800_alt_memcpy_dd_L0
0x0002       [2]    __Lib_FAT32_alt_strlen_cp_L0
0x0002       [2]    strlen_cp_L0
0x0002       [2]    memset_pp_L0
0x0002       [1]    FLASH_Write_64_SaveINTCON_L0
0x0002       [1]    __Lib_FAT32_alt_isName83Specific_i_L0
0x0002       [1]    __Lib_FAT32_alt_isLfnSpecific_i_L0
0x0002       [2]    __Lib_FT810_alt_strlen_cp_L0
0x0002       [2]    __Lib_FAT32_alt_memset_pp_L0
0x0002       [2]    __Lib_FT810_alt_memcpy_dd_L0
0x0002       [2]    memchr_s_L0
0x0002       [1]    FLASH_Erase_Write_64_j_L0
0x0002       [2]    __Lib_FT800_alt_strlen_cp_L0
0x0002       [2]    __Lib_FT812_alt_memcpy_dd_L0
0x0002       [2]    __Lib_TFT_Defs_Read_From_Port_dataPort_L0
0x0002       [2]    __Lib_FT812_alt_strlen_cp_L0
0x0002       [2]    __Lib_FT812_alt_memset_pp_L0
0x0002       [2]    __Lib_FAT32_constToVar_tmp_L0
0x0003       [4]    FT800_Canvas_SurrRect_minX_L0
0x0003       [4]    FT810_Canvas_SurrRect_minX_L0
0x0003       [1]    R3
0x0003       [4]    FT812_Canvas_SurrRect_minX_L0
0x0003       [1]    __Lib_Sprinti_?FLOC____Lib_Sprinti_Do_FillT29
0x0003       [1]    FLASH_Erase_Write_64_SaveINTCON_L0
0x0003       [2]    Ltrim_original_L0
0x0003       [2]    memmove_tt_L0
0x0003       [2]    __Lib_FAT32_UI16_result_L0
0x0003       [2]    MM_TotalFreeMemSize_Tot_L0
0x0003       [2]    __Lib_MmcFat16_f16_toInt_l_L0
0x0003       [1]    MM_Init_i_L0
0x0004       [1]    __Lib_FAT32_LE_calculateChecksum_chksum_L0
0x0004       [1]    __Lib_Sprinti_?FLOC____Lib_Sprinti_Do_FillT40
0x0004       [3]    __Lib_FT812_alt_strlen_const_cp_L0
0x0004       [3]    __Lib_FT810_alt_strlen_const_cp_L0
0x0004       [2]    __Lib_FT812_alt_memcpy_ss_L0
0x0004       [2]    strcpy_cp_L0
0x0004       [2]    strncat_cp_L0
0x0004       [2]    memcpy_ss_L0
0x0004       [2]    frexp_pom_L0
0x0004       [2]    __Lib_FT800_alt_memcpy_ss_L0
0x0004       [2]    __Lib_FT810_alt_memcpy_ss_L0
0x0004       [2]    strncpy_cp_L0
0x0004       [2]    strcat_cp_L0
0x0004       [1]    R4
0x0004       [3]    __Lib_FT800_alt_strlen_const_cp_L0
0x0004       [2]    __Lib_MemManager_MM_GetMemAlign_P_L0
0x0004       [2]    __Lib_FAT32_alt_memcpy_ss_L0
0x0005       [2]    LongWordToHex_input_half_L0
0x0005       [2]    memmove_ff_L0
0x0005       [2]    __Lib_TFT_16bit_Defs_Read_From_Port_dataPort_Lo_L0
0x0005       [1]    MM_TotalFreeMemSize_i_L0
0x0005       [2]    Ltrim_p_L0
0x0005       [1]    __Lib_FAT32_PO2_po2_L0
0x0005       [1]    __Lib_Sprinti_?FLOC____Lib_Sprinti_Do_FillT54
0x0005       [1]    R5
0x0005       [1]    __Lib_FAT32_LE_calculateChecksum_i_L0
0x0005       [2]    LongIntToHex_input_half_L0
0x0006       [4]    __Lib_FAT32_PO2_i_L0
0x0006       [1]    __Lib_MemManager_MM_GetMemAlign_i_L0
0x0006       [1]    R6
0x0006       [1]    __Lib_Sprinti_?FLOC____Lib_Sprinti_Do_FillT69
0x0007       [4]    FT812_Canvas_SurrRect_minY_L0
0x0007       [1]    __Lib_TFT_JPEG_GenerateHuffmanTables_bLength_L0
0x0007       [4]    FT800_Canvas_SurrRect_minY_L0
0x0007       [2]    __Lib_TFT_16bit_Defs_Read_From_Port_dataPort_Hi_L0
0x0007       [1]    __Lib_TFT_16bit_JPEG_GenerateHuffmanTables_bLength_L0
0x0007       [1]    R7
0x0007       [4]    FT810_Canvas_SurrRect_minY_L0
0x0008       [1]    R8
0x0008       [1]    __Lib_TFT_16bit_JPEG_GenerateHuffmanTables_bTable_L0
0x0008       [1]    __Lib_TFT_JPEG_GenerateHuffmanTables_bTable_L0
0x0009       [4]    __Lib_FAT32_UI32_result_L0
0x0009       [4]    __Lib_MmcFat16_f16_toLong_l_L0
0x0009       [1]    R9
0x000A       [1]    R10
0x000B       [1]    R11
0x000B       [4]    FT810_Canvas_SurrRect_maxX_L0
0x000B       [4]    FT800_Canvas_SurrRect_maxX_L0
0x000B       [4]    FT812_Canvas_SurrRect_maxX_L0
0x000C       [1]    R12
0x000D       [1]    R13
0x000E       [1]    R14
0x000F       [1]    R15
0x000F       [4]    FT800_Canvas_SurrRect_maxY_L0
0x000F       [4]    FT810_Canvas_SurrRect_maxY_L0
0x000F       [4]    FT812_Canvas_SurrRect_maxY_L0
0x0010       [1]    R16
0x0011       [1]    R17
0x0012       [1]    R18
0x0013       [1]    R19
0x0014       [1]    R20
0x0015      [11]    ?lstr3_SensorTemperatura
0x0020      [17]    ?lstr4_SensorTemperatura
0x0031       [6]    ?lstr2_SensorTemperatura
0x0037      [14]    ?lstr5_SensorTemperatura
0x0045      [14]    ?lstr6_SensorTemperatura
0x0053       [2]    _text
0x0055       [6]    ?lstr1_SensorTemperatura
0x005B       [2]    _family_code_hex
0x005D       [2]    _temp
0x005F       [1]    _family_code
0x0060       [2]    _i
0x0062       [8]    _sernum
0x006A       [0]    __Lib_Lcd_cmd_status
0x006B       [1]    _TEMP_RESOLUTION
0x006C       [1]    Display_Temperature_RES_SHIFT_L0
0x006C       [2]    FLOC__Resolution
0x006D       [1]    Display_Temperature_temp_whole_L0
0x006E       [2]    Display_Temperature_temp2write_L0
0x0070       [2]    FLOC__Display_Temperature
0x0072       [2]    FARG_Ow_Reset_port
0x0072       [2]    FARG_Ow_Read_port
0x0072       [2]    FARG_Ow_Write_port
0x0072       [1]    FARG_ByteToHex_input
0x0072       [2]    FARG_Atingiu_Limite_text
0x0073       [2]    FARG_ByteToHex_output
0x0074       [1]    FARG_Ow_Write_pin
0x0074       [1]    FARG_Ow_Reset_pin
0x0074       [1]    FARG_Ow_Read_pin
0x0075       [1]    Ow_Read_i_L0
0x0075       [1]    FARG_Ow_Write_data_
0x0075       [1]    Ow_Reset_res_L0
0x0076       [1]    Ow_Reset_bit_mask_1_L0
0x0076       [1]    Ow_Write_i_L0
0x0076       [1]    Ow_Read_tmp_L0
0x0077       [1]    Ow_Read_bit_mask_0_L0
0x0077       [1]    Ow_Write_bit_mask_0_L0
0x0078       [1]    Ow_Read_bit_mask_1_L0
0x0078       [1]    Ow_Write_bit_mask_1_L0
0x0079       [1]    FARG_Lcd_Out_row
0x007A       [1]    FARG_Lcd_Out_column
0x007B       [2]    FARG_Lcd_Out_text
0x007D       [1]    Lcd_Out_i_L0
0x007E       [1]    FARG_Lcd_Chr_CP_out_char
0x007F       [1]    FARG_Lcd_Cmd_out_char
0x0F80       [1]    PORTA
0x0F84       [1]    PORTE
0x0F8A       [0]    LCD_D5
0x0F8A       [0]    LCD_D4
0x0F8A       [0]    LCD_EN
0x0F8A       [0]    LCD_D6
0x0F8A       [0]    LCD_RS
0x0F8A       [0]    LCD_D7
0x0F8A       [0]    LATB0_bit
0x0F8A       [0]    LATB4_bit
0x0F8A       [0]    LATB3_bit
0x0F8A       [0]    LATB1_bit
0x0F8A       [0]    LATB2_bit
0x0F8A       [0]    LATB5_bit
0x0F92       [1]    TRISA
0x0F93       [0]    LCD_D5_Direction
0x0F93       [0]    LCD_D6_Direction
0x0F93       [0]    LCD_D4_Direction
0x0F93       [0]    LCD_EN_Direction
0x0F93       [0]    LCD_RS_Direction
0x0F93       [0]    LCD_D7_Direction
0x0F93       [0]    TRISB0_bit
0x0F93       [0]    TRISB5_bit
0x0F93       [0]    TRISB4_bit
0x0F93       [0]    TRISB2_bit
0x0F93       [0]    TRISB1_bit
0x0F93       [0]    TRISB3_bit
0x0F95       [1]    TRISD
0x0F96       [1]    TRISE
0x0FB4       [1]    CMCON
0x0FC1       [1]    ADCON1
0x0FD8       [1]    STATUS
0x0FD9       [1]    FSR2L
0x0FDA       [1]    FSR2H
0x0FDE       [1]    POSTINC2
0x0FE0       [1]    BSR
0x0FE1       [1]    FSR1L
0x0FE2       [1]    FSR1H
0x0FE4       [1]    PREINC1
0x0FE6       [1]    POSTINC1
0x0FE7       [1]    INDF1
0x0FE8       [1]    WREG
0x0FE9       [2]    FSR0
0x0FE9       [1]    FSR0L
0x0FEA       [1]    FSR0H
0x0FEE       [1]    POSTINC0
0x0FEF       [1]    INDF0
0x0FF3       [1]    PRODL
0x0FF4       [1]    PRODH
0x0FF5       [1]    TABLAT
0x0FF6       [1]    TBLPTRL
0x0FF7       [1]    TBLPTRH
0x0FF8       [1]    TBLPTRU
//** Constants locations ** 
//ADDRESS    SIZE    CONSTANT
//----------------------------------------------
0x08B4      [11]    ?ICS?lstr3_SensorTemperatura
0x08BF      [17]    ?ICS?lstr4_SensorTemperatura
0x08D0       [6]    ?ICS?lstr2_SensorTemperatura
0x08D6      [14]    ?ICS?lstr5_SensorTemperatura
0x08E4      [14]    ?ICS?lstr6_SensorTemperatura
0x08F2       [2]    ?ICS_text
0x08F4       [6]    ?ICS?lstr1_SensorTemperatura
0x08FA      [16]    __Lib_Conversions_Digits
